<?xml version="1.0" encoding="UTF-8"?>
<!-- Generated by org.testng.reporters.JUnitReportReporter -->
<testsuite hostname="LAPTOP-K02SKAC1" failures="0" tests="3" name="com.ebay.qa.testcases.XlReadingTest" time="21.643" errors="0" timestamp="2021-10-02T18:13:09 PDT" skipped="0">
  <testcase classname="com.ebay.qa.testcases.XlReadingTest" name="readfromXLFileTest" time="6.716"/>
  <system-out/>
  <testcase classname="com.ebay.qa.testcases.XlReadingTest" name="readfromXLFileTest" time="6.794"/>
  <system-out/>
  <testcase classname="com.ebay.qa.testcases.XlReadingTest" name="readfromXLFileTest" time="8.133"/>
  <system-out/>
</testsuite> <!-- com.ebay.qa.testcases.XlReadingTest -->
