<?xml version="1.0" encoding="UTF-8"?>
<!-- Generated by org.testng.reporters.JUnitReportReporter -->
<testsuite hostname="LAPTOP-K02SKAC1" failures="0" tests="4" name="com.ebay.qa.testcases.FashionPageTest" time="43.207" errors="0" timestamp="2021-10-03T22:52:00 PDT" skipped="0">
  <testcase classname="com.ebay.qa.testcases.FashionPageTest" name="pageHeaderTest" time="12.211"/>
  <system-out/>
  <testcase classname="com.ebay.qa.testcases.FashionPageTest" name="categorysectionTest" time="10.855"/>
  <system-out/>
  <testcase classname="com.ebay.qa.testcases.FashionPageTest" name="topBrandsSectionTest" time="8.807"/>
  <system-out/>
  <testcase classname="com.ebay.qa.testcases.FashionPageTest" name="mensCloyhingLinkTest" time="11.334"/>
  <system-out/>
</testsuite> <!-- com.ebay.qa.testcases.FashionPageTest -->
