<?xml version="1.0" encoding="UTF-8"?>
<!-- Generated by org.testng.reporters.JUnitReportReporter -->
<testsuite hostname="LAPTOP-K02SKAC1" failures="0" tests="4" name="com.ebay.qa.testcases.HomePageTest" time="32.369" errors="0" timestamp="2021-10-03T22:52:00 PDT" skipped="0">
  <testcase classname="com.ebay.qa.testcases.HomePageTest" name="homePageTitleTest" time="7.141"/>
  <system-out/>
  <testcase classname="com.ebay.qa.testcases.HomePageTest" name="ebayLogoTest" time="7.731"/>
  <system-out/>
  <testcase classname="com.ebay.qa.testcases.HomePageTest" name="fashionLinkTest" time="8.431"/>
  <system-out/>
  <testcase classname="com.ebay.qa.testcases.HomePageTest" name="dealsLinkTest" time="9.066"/>
  <system-out/>
</testsuite> <!-- com.ebay.qa.testcases.HomePageTest -->
