<?xml version="1.0" encoding="UTF-8"?>
<!-- Generated by org.testng.reporters.JUnitReportReporter -->
<testsuite skipped="0" hostname="LAPTOP-K02SKAC1" name="com.ebay.qa.testcases.FashionPageTest" tests="4" failures="0" timestamp="2021-10-06T20:19:26 PDT" time="36.153" errors="0">
  <testcase name="pageHeaderTest" time="8.614" classname="com.ebay.qa.testcases.FashionPageTest"/>
  <system-out/>
  <testcase name="categorysectionTest" time="8.240" classname="com.ebay.qa.testcases.FashionPageTest"/>
  <system-out/>
  <testcase name="topBrandsSectionTest" time="9.428" classname="com.ebay.qa.testcases.FashionPageTest"/>
  <system-out/>
  <testcase name="mensCloyhingLinkTest" time="9.871" classname="com.ebay.qa.testcases.FashionPageTest"/>
  <system-out/>
</testsuite> <!-- com.ebay.qa.testcases.FashionPageTest -->
