<?xml version="1.0" encoding="UTF-8"?>
<!-- Generated by org.testng.reporters.JUnitReportReporter -->
<testsuite skipped="0" hostname="LAPTOP-K02SKAC1" name="com.ebay.qa.testcases.HomePageTest" tests="4" failures="0" timestamp="2021-10-06T20:19:26 PDT" time="34.528" errors="0">
  <testcase name="homePageTitleTest" time="6.186" classname="com.ebay.qa.testcases.HomePageTest"/>
  <system-out/>
  <testcase name="ebayLogoTest" time="6.748" classname="com.ebay.qa.testcases.HomePageTest"/>
  <system-out/>
  <testcase name="fashionLinkTest" time="13.151" classname="com.ebay.qa.testcases.HomePageTest"/>
  <system-out/>
  <testcase name="dealsLinkTest" time="8.443" classname="com.ebay.qa.testcases.HomePageTest"/>
  <system-out/>
</testsuite> <!-- com.ebay.qa.testcases.HomePageTest -->
